{
  "Plan": {
    "Node Type": "Aggregate",
    "Strategy": "Sorted",
    "Partial Mode": "Finalize",
    "Parallel Aware": false,
    "Async Capable": false,
    "Startup Cost": 42588.93,
    "Total Cost": 42590.88,
    "Plan Rows": 6,
    "Plan Width": 246,
    "Actual Startup Time": 342.945,
    "Actual Total Time": 346.313,
    "Actual Rows": 4,
    "Actual Loops": 1,
    "Group Key": [
      "l_returnflag",
      "l_linestatus"
    ],
    "Shared Hit Blocks": 4494,
    "Shared Read Blocks": 16594,
    "Shared Dirtied Blocks": 0,
    "Shared Written Blocks": 0,
    "Local Hit Blocks": 0,
    "Local Read Blocks": 0,
    "Local Dirtied Blocks": 0,
    "Local Written Blocks": 0,
    "Temp Read Blocks": 0,
    "Temp Written Blocks": 0,
    "Plans": [
      {
        "Node Type": "Gather Merge",
        "Parent Relationship": "Outer",
        "Parallel Aware": false,
        "Async Capable": false,
        "Startup Cost": 42588.93,
        "Total Cost": 42590.33,
        "Plan Rows": 12,
        "Plan Width": 246,
        "Actual Startup Time": 342.926,
        "Actual Total Time": 346.268,
        "Actual Rows": 12,
        "Actual Loops": 1,
        "Workers Planned": 2,
        "Workers Launched": 2,
        "Shared Hit Blocks": 4494,
        "Shared Read Blocks": 16594,
        "Shared Dirtied Blocks": 0,
        "Shared Written Blocks": 0,
        "Local Hit Blocks": 0,
        "Local Read Blocks": 0,
        "Local Dirtied Blocks": 0,
        "Local Written Blocks": 0,
        "Temp Read Blocks": 0,
        "Temp Written Blocks": 0,
        "Plans": [
          {
            "Node Type": "Sort",
            "Parent Relationship": "Outer",
            "Parallel Aware": false,
            "Async Capable": false,
            "Startup Cost": 41588.91,
            "Total Cost": 41588.92,
            "Plan Rows": 6,
            "Plan Width": 246,
            "Actual Startup Time": 340.109,
            "Actual Total Time": 340.11,
            "Actual Rows": 4,
            "Actual Loops": 3,
            "Sort Key": [
              "l_returnflag",
              "l_linestatus"
            ],
            "Sort Method": "quicksort",
            "Sort Space Used": 27,
            "Sort Space Type": "Memory",
            "Shared Hit Blocks": 4494,
            "Shared Read Blocks": 16594,
            "Shared Dirtied Blocks": 0,
            "Shared Written Blocks": 0,
            "Local Hit Blocks": 0,
            "Local Read Blocks": 0,
            "Local Dirtied Blocks": 0,
            "Local Written Blocks": 0,
            "Temp Read Blocks": 0,
            "Temp Written Blocks": 0,
            "Workers": [
              {
                "Worker Number": 0,
                "Sort Method": "quicksort",
                "Sort Space Used": 27,
                "Sort Space Type": "Memory"
              },
              {
                "Worker Number": 1,
                "Sort Method": "quicksort",
                "Sort Space Used": 27,
                "Sort Space Type": "Memory"
              }
            ],
            "Plans": [
              {
                "Node Type": "Aggregate",
                "Strategy": "Hashed",
                "Partial Mode": "Partial",
                "Parent Relationship": "Outer",
                "Parallel Aware": false,
                "Async Capable": false,
                "Startup Cost": 41588.69,
                "Total Cost": 41588.83,
                "Plan Rows": 6,
                "Plan Width": 246,
                "Actual Startup Time": 340.076,
                "Actual Total Time": 340.083,
                "Actual Rows": 4,
                "Actual Loops": 3,
                "Group Key": [
                  "l_returnflag",
                  "l_linestatus"
                ],
                "Planned Partitions": 0,
                "HashAgg Batches": 1,
                "Peak Memory Usage": 32,
                "Disk Usage": 0,
                "Shared Hit Blocks": 4480,
                "Shared Read Blocks": 16594,
                "Shared Dirtied Blocks": 0,
                "Shared Written Blocks": 0,
                "Local Hit Blocks": 0,
                "Local Read Blocks": 0,
                "Local Dirtied Blocks": 0,
                "Local Written Blocks": 0,
                "Temp Read Blocks": 0,
                "Temp Written Blocks": 0,
                "Workers": [
                  {
                    "Worker Number": 0,
                    "HashAgg Batches": 1,
                    "Peak Memory Usage": 32,
                    "Disk Usage": 0
                  },
                  {
                    "Worker Number": 1,
                    "HashAgg Batches": 1,
                    "Peak Memory Usage": 32,
                    "Disk Usage": 0
                  }
                ],
                "Plans": [
                  {
                    "Node Type": "Seq Scan",
                    "Parent Relationship": "Outer",
                    "Parallel Aware": true,
                    "Async Capable": false,
                    "Relation Name": "lineitem",
                    "Alias": "lineitem",
                    "Startup Cost": 0.0,
                    "Total Cost": 26535.33,
                    "Plan Rows": 430096,
                    "Plan Width": 35,
                    "Actual Startup Time": 0.026,
                    "Actual Total Time": 50.476,
                    "Actual Rows": 344248,
                    "Actual Loops": 3,
                    "Filter": "(l_shipdate <= '1998-08-30 00:00:00'::timestamp without time zone)",
                    "Rows Removed by Filter": 5278,
                    "Shared Hit Blocks": 4480,
                    "Shared Read Blocks": 16594,
                    "Shared Dirtied Blocks": 0,
                    "Shared Written Blocks": 0,
                    "Local Hit Blocks": 0,
                    "Local Read Blocks": 0,
                    "Local Dirtied Blocks": 0,
                    "Local Written Blocks": 0,
                    "Temp Read Blocks": 0,
                    "Temp Written Blocks": 0,
                    "Workers": []
                  }
                ]
              }
            ]
          }
        ]
      }
    ]
  },
  "Planning": {
    "Shared Hit Blocks": 41,
    "Shared Read Blocks": 0,
    "Shared Dirtied Blocks": 0,
    "Shared Written Blocks": 0,
    "Local Hit Blocks": 0,
    "Local Read Blocks": 0,
    "Local Dirtied Blocks": 0,
    "Local Written Blocks": 0,
    "Temp Read Blocks": 0,
    "Temp Written Blocks": 0
  },
  "Planning Time": 0.153,
  "Triggers": [],
  "Execution Time": 346.36
}